app/build/outputs/logs/manifest-merger-debug-report.txt
-- Merging decision tree log ---
manifest
ADDED from src/main/AndroidManifest.xml:2:1-56:12
	package
		ADDED from src/main/AndroidManifest.xml:3:5-45
		INJECTED from src/main/AndroidManifest.xml
		INJECTED from src/main/AndroidManifest.xml
	android:versionName
		ADDED from src/main/AndroidManifest.xml:5:5-30
		INJECTED from src/main/AndroidManifest.xml
		INJECTED from src/main/AndroidManifest.xml
	android:versionCode
		ADDED from src/main/AndroidManifest.xml:4:5-28
		INJECTED from src/main/AndroidManifest.xml
		INJECTED from src/main/AndroidManifest.xml
	xmlns:android
		ADDED from src/main/AndroidManifest.xml:2:11-69
application
ADDED from src/main/AndroidManifest.xml:7:5-25:19
MERGED from [com.google.android.gms:play-services-appindexing:8.1.0] AndroidManifest.xml:19:5-20
MERGED from [com.google.android.gms:play-services-basement:8.1.0] AndroidManifest.xml:20:5-24:19
MERGED from [com.android.support:support-v4:22.2.0] AndroidManifest.xml:22:5-20
	android:label
		ADDED from src/main/AndroidManifest.xml:9:9-31
	android:icon
		ADDED from src/main/AndroidManifest.xml:8:9-38
activity#com.friendlyarm.SerialPortDemo.SerialPortDataProcessView
ADDED from src/main/AndroidManifest.xml:11:9-19:20
	android:label
		ADDED from src/main/AndroidManifest.xml:13:13-35
	android:windowSoftInputMode
		ADDED from src/main/AndroidManifest.xml:14:13-52
	android:name
		ADDED from src/main/AndroidManifest.xml:12:13-84
intent-filter#android.intent.action.MAIN+android.intent.category.LAUNCHER
ADDED from src/main/AndroidManifest.xml:15:13-18:29
action#android.intent.action.MAIN
ADDED from src/main/AndroidManifest.xml:16:17-69
	android:name
		ADDED from src/main/AndroidManifest.xml:16:25-66
category#android.intent.category.LAUNCHER
ADDED from src/main/AndroidManifest.xml:17:17-77
	android:name
		ADDED from src/main/AndroidManifest.xml:17:27-74
meta-data#com.google.android.gms.version
ADDED from src/main/AndroidManifest.xml:21:9-23:69
MERGED from [com.google.android.gms:play-services-basement:8.1.0] AndroidManifest.xml:21:9-23:69
	android:value
		ADDED from src/main/AndroidManifest.xml:23:13-66
	android:name
		ADDED from src/main/AndroidManifest.xml:22:13-58
uses-permission#android.permission.INTERNET
ADDED from src/main/AndroidManifest.xml:27:5-67
	android:name
		ADDED from src/main/AndroidManifest.xml:27:22-64
uses-permission#android.permission.CHANGE_WIFI_MULTICAST_STATE
ADDED from src/main/AndroidManifest.xml:28:5-86
	android:name
		ADDED from src/main/AndroidManifest.xml:28:22-83
uses-permission#android.permission.CHANGE_NETWORK_STATE
ADDED from src/main/AndroidManifest.xml:29:5-95
	android:name
		ADDED from src/main/AndroidManifest.xml:29:22-76
uses-permission#android.permission.CHANGE_WIFI_STATE
ADDED from src/main/AndroidManifest.xml:30:5-92
	android:name
		ADDED from src/main/AndroidManifest.xml:30:22-73
uses-permission#android.permission.ACCESS_NETWORK_STATE
ADDED from src/main/AndroidManifest.xml:31:5-95
	android:name
		ADDED from src/main/AndroidManifest.xml:31:22-76
uses-permission#android.permission.ACCESS_WIFI_STATE
ADDED from src/main/AndroidManifest.xml:32:5-92
	android:name
		ADDED from src/main/AndroidManifest.xml:32:22-73
uses-permission#android.permission.READ_PHONE_STATE
ADDED from src/main/AndroidManifest.xml:33:5-75
	android:name
		ADDED from src/main/AndroidManifest.xml:33:22-72
uses-permission#android.permission.BLUETOOTH
ADDED from src/main/AndroidManifest.xml:34:5-68
	android:name
		ADDED from src/main/AndroidManifest.xml:34:22-65
uses-permission#android.permission.BLUETOOTH_ADMIN
ADDED from src/main/AndroidManifest.xml:35:5-74
	android:name
		ADDED from src/main/AndroidManifest.xml:35:22-71
uses-permission#android.permission.BROADCAST_STICKY
ADDED from src/main/AndroidManifest.xml:49:5-75
	android:name
		ADDED from src/main/AndroidManifest.xml:49:22-72
uses-sdk
ADDED from src/main/AndroidManifest.xml:53:5-55:41
MERGED from [com.google.android.gms:play-services-appindexing:8.1.0] AndroidManifest.xml:18:5-42
MERGED from [com.google.android.gms:play-services-basement:8.1.0] AndroidManifest.xml:18:5-42
MERGED from [com.android.support:support-v4:22.2.0] AndroidManifest.xml:20:5-43
	android:targetSdkVersion
		ADDED from src/main/AndroidManifest.xml:55:9-38
	android:minSdkVersion
		ADDED from src/main/AndroidManifest.xml:54:9-35